2024-12-18T22:11:17.044+05:30  INFO 19780 --- [main] c.cn.trademaster.TradeMasterApplication  : Starting TradeMasterApplication using Java 17.0.12 with PID 19780 (C:\Users\Mukesh\springboot\Trade Master II\target\classes started by Mukesh in C:\Users\Mukesh\springboot\Trade Master II)
2024-12-18T22:11:17.046+05:30 DEBUG 19780 --- [main] c.cn.trademaster.TradeMasterApplication  : Running with Spring Boot v3.0.0, Spring v6.0.2
2024-12-18T22:11:17.051+05:30  INFO 19780 --- [main] c.cn.trademaster.TradeMasterApplication  : No active profile set, falling back to 1 default profile: "default"
2024-12-18T22:11:18.559+05:30  INFO 19780 --- [main] .s.d.r.c.RepositoryConfigurationDelegate : Bootstrapping Spring Data JPA repositories in DEFAULT mode.
2024-12-18T22:11:18.703+05:30  INFO 19780 --- [main] .s.d.r.c.RepositoryConfigurationDelegate : Finished Spring Data repository scanning in 96 ms. Found 1 JPA repository interfaces.
2024-12-18T22:11:19.927+05:30  INFO 19780 --- [main] o.s.b.w.embedded.tomcat.TomcatWebServer  : Tomcat initialized with port(s): 8081 (http)
2024-12-18T22:11:19.952+05:30  INFO 19780 --- [main] o.apache.catalina.core.StandardService   : Starting service [Tomcat]
2024-12-18T22:11:19.953+05:30  INFO 19780 --- [main] o.apache.catalina.core.StandardEngine    : Starting Servlet engine: [Apache Tomcat/10.1.1]
2024-12-18T22:11:20.137+05:30  INFO 19780 --- [main] o.a.c.c.C.[Tomcat].[localhost].[/]       : Initializing Spring embedded WebApplicationContext
2024-12-18T22:11:20.138+05:30  INFO 19780 --- [main] w.s.c.ServletWebServerApplicationContext : Root WebApplicationContext: initialization completed in 2957 ms
2024-12-18T22:11:21.046+05:30  INFO 19780 --- [main] o.hibernate.jpa.internal.util.LogHelper  : HHH000204: Processing PersistenceUnitInfo [name: default]
2024-12-18T22:11:21.130+05:30  INFO 19780 --- [main] org.hibernate.Version                    : HHH000412: Hibernate ORM core version 6.1.5.Final
2024-12-18T22:11:21.347+05:30  WARN 19780 --- [main] org.hibernate.orm.deprecation            : HHH90000021: Encountered deprecated setting [javax.persistence.sharedCache.mode], use [jakarta.persistence.sharedCache.mode] instead
2024-12-18T22:11:21.634+05:30  INFO 19780 --- [main] com.zaxxer.hikari.HikariDataSource       : HikariPool-1 - Starting...
2024-12-18T22:11:22.168+05:30  INFO 19780 --- [main] com.zaxxer.hikari.pool.HikariPool        : HikariPool-1 - Added connection com.mysql.cj.jdbc.ConnectionImpl@191e654
2024-12-18T22:11:22.171+05:30  INFO 19780 --- [main] com.zaxxer.hikari.HikariDataSource       : HikariPool-1 - Start completed.
2024-12-18T22:11:22.305+05:30  INFO 19780 --- [main] SQL dialect                              : HHH000400: Using dialect: org.hibernate.dialect.MySQLDialect
2024-12-18T22:11:23.488+05:30  INFO 19780 --- [main] o.h.e.t.j.p.i.JtaPlatformInitiator       : HHH000490: Using JtaPlatform implementation: [org.hibernate.engine.transaction.jta.platform.internal.NoJtaPlatform]
2024-12-18T22:11:23.500+05:30  INFO 19780 --- [main] j.LocalContainerEntityManagerFactoryBean : Initialized JPA EntityManagerFactory for persistence unit 'default'
2024-12-18T22:11:24.327+05:30  WARN 19780 --- [main] JpaBaseConfiguration$JpaWebConfiguration : spring.jpa.open-in-view is enabled by default. Therefore, database queries may be performed during view rendering. Explicitly configure spring.jpa.open-in-view to disable this warning
2024-12-18T22:11:26.665+05:30  INFO 19780 --- [main] o.s.b.a.e.web.EndpointLinksResolver      : Exposing 15 endpoint(s) beneath base path '/actuator'
2024-12-18T22:11:26.907+05:30  INFO 19780 --- [main] o.s.b.w.embedded.tomcat.TomcatWebServer  : Tomcat started on port(s): 8081 (http) with context path ''
2024-12-18T22:11:26.939+05:30  INFO 19780 --- [main] c.cn.trademaster.TradeMasterApplication  : Started TradeMasterApplication in 10.656 seconds (process running for 11.217)
2024-12-18T22:11:27.908+05:30  INFO 19780 --- [http-nio-8081-exec-1] o.a.c.c.C.[Tomcat].[localhost].[/]       : Initializing Spring DispatcherServlet 'dispatcherServlet'
2024-12-18T22:11:27.909+05:30  INFO 19780 --- [http-nio-8081-exec-1] o.s.web.servlet.DispatcherServlet        : Initializing Servlet 'dispatcherServlet'
2024-12-18T22:11:27.909+05:30  INFO 19780 --- [http-nio-8081-exec-1] o.s.web.servlet.DispatcherServlet        : Completed initialization in 0 ms
2024-12-18T22:24:23.707+05:30  INFO 12476 --- [main] c.cn.trademaster.TradeMasterApplication  : Starting TradeMasterApplication using Java 17.0.12 with PID 12476 (C:\Users\Mukesh\springboot\Trade Master II\target\classes started by Mukesh in C:\Users\Mukesh\springboot\Trade Master II)
2024-12-18T22:24:23.711+05:30 DEBUG 12476 --- [main] c.cn.trademaster.TradeMasterApplication  : Running with Spring Boot v3.0.0, Spring v6.0.2
2024-12-18T22:24:23.712+05:30  INFO 12476 --- [main] c.cn.trademaster.TradeMasterApplication  : No active profile set, falling back to 1 default profile: "default"
2024-12-18T22:24:25.054+05:30  INFO 12476 --- [main] .s.d.r.c.RepositoryConfigurationDelegate : Bootstrapping Spring Data JPA repositories in DEFAULT mode.
2024-12-18T22:24:25.205+05:30  INFO 12476 --- [main] .s.d.r.c.RepositoryConfigurationDelegate : Finished Spring Data repository scanning in 109 ms. Found 1 JPA repository interfaces.
2024-12-18T22:24:26.208+05:30  INFO 12476 --- [main] o.s.b.w.embedded.tomcat.TomcatWebServer  : Tomcat initialized with port(s): 8081 (http)
2024-12-18T22:24:26.219+05:30  INFO 12476 --- [main] o.apache.catalina.core.StandardService   : Starting service [Tomcat]
2024-12-18T22:24:26.220+05:30  INFO 12476 --- [main] o.apache.catalina.core.StandardEngine    : Starting Servlet engine: [Apache Tomcat/10.1.1]
2024-12-18T22:24:26.369+05:30  INFO 12476 --- [main] o.a.c.c.C.[Tomcat].[localhost].[/]       : Initializing Spring embedded WebApplicationContext
2024-12-18T22:24:26.370+05:30  INFO 12476 --- [main] w.s.c.ServletWebServerApplicationContext : Root WebApplicationContext: initialization completed in 2556 ms
2024-12-18T22:24:27.174+05:30  INFO 12476 --- [main] o.hibernate.jpa.internal.util.LogHelper  : HHH000204: Processing PersistenceUnitInfo [name: default]
2024-12-18T22:24:27.241+05:30  INFO 12476 --- [main] org.hibernate.Version                    : HHH000412: Hibernate ORM core version 6.1.5.Final
2024-12-18T22:24:27.453+05:30  WARN 12476 --- [main] org.hibernate.orm.deprecation            : HHH90000021: Encountered deprecated setting [javax.persistence.sharedCache.mode], use [jakarta.persistence.sharedCache.mode] instead
2024-12-18T22:24:27.652+05:30  INFO 12476 --- [main] com.zaxxer.hikari.HikariDataSource       : HikariPool-1 - Starting...
2024-12-18T22:24:28.121+05:30  INFO 12476 --- [main] com.zaxxer.hikari.pool.HikariPool        : HikariPool-1 - Added connection com.mysql.cj.jdbc.ConnectionImpl@5fe5c68b
2024-12-18T22:24:28.125+05:30  INFO 12476 --- [main] com.zaxxer.hikari.HikariDataSource       : HikariPool-1 - Start completed.
2024-12-18T22:24:28.271+05:30  INFO 12476 --- [main] SQL dialect                              : HHH000400: Using dialect: org.hibernate.dialect.MySQLDialect
2024-12-18T22:24:29.307+05:30  INFO 12476 --- [main] o.h.e.t.j.p.i.JtaPlatformInitiator       : HHH000490: Using JtaPlatform implementation: [org.hibernate.engine.transaction.jta.platform.internal.NoJtaPlatform]
2024-12-18T22:24:29.318+05:30  INFO 12476 --- [main] j.LocalContainerEntityManagerFactoryBean : Initialized JPA EntityManagerFactory for persistence unit 'default'
2024-12-18T22:24:29.946+05:30  WARN 12476 --- [main] JpaBaseConfiguration$JpaWebConfiguration : spring.jpa.open-in-view is enabled by default. Therefore, database queries may be performed during view rendering. Explicitly configure spring.jpa.open-in-view to disable this warning
2024-12-18T22:24:30.851+05:30  INFO 12476 --- [main] o.s.b.a.e.web.EndpointLinksResolver      : Exposing 15 endpoint(s) beneath base path '/actuator'
2024-12-18T22:24:30.959+05:30  INFO 12476 --- [main] o.s.b.w.embedded.tomcat.TomcatWebServer  : Tomcat started on port(s): 8081 (http) with context path ''
2024-12-18T22:24:30.980+05:30  INFO 12476 --- [main] c.cn.trademaster.TradeMasterApplication  : Started TradeMasterApplication in 8.03 seconds (process running for 8.544)
