2024-12-18 [INFO] com.example.socialMedia.SocialMediaApplication [restartedMain] Starting SocialMediaApplication using Java 17.0.12 with PID 25192 (C:\Users\Mukesh\springboot\Social-Media-CN\target\classes started by Mukesh in C:\Users\Mukesh\springboot\Social-Media-CN)
2024-12-18 [DEBUG] com.example.socialMedia.SocialMediaApplication [restartedMain] Running with Spring Boot v3.1.4, Spring v6.0.12
2024-12-18 [INFO] com.example.socialMedia.SocialMediaApplication [restartedMain] No active profile set, falling back to 1 default profile: "default"
2024-12-18 [INFO] org.springframework.boot.devtools.env.DevToolsPropertyDefaultsPostProcessor [restartedMain] Devtools property defaults active! Set 'spring.devtools.add-properties' to 'false' to disable
2024-12-18 [INFO] org.springframework.boot.devtools.env.DevToolsPropertyDefaultsPostProcessor [restartedMain] For additional web related logging consider setting the 'logging.level.web' property to 'DEBUG'
2024-12-18 [INFO] org.springframework.data.repository.config.RepositoryConfigurationDelegate [restartedMain] Bootstrapping Spring Data JPA repositories in DEFAULT mode.
2024-12-18 [INFO] org.springframework.data.repository.config.RepositoryConfigurationDelegate [restartedMain] Finished Spring Data repository scanning in 82 ms. Found 1 JPA repository interfaces.
2024-12-18 [INFO] org.springframework.boot.web.embedded.tomcat.TomcatWebServer [restartedMain] Tomcat initialized with port(s): 8081 (http)
2024-12-18 [INFO] org.apache.catalina.core.StandardService [restartedMain] Starting service [Tomcat]
2024-12-18 [INFO] org.apache.catalina.core.StandardEngine [restartedMain] Starting Servlet engine: [Apache Tomcat/10.1.13]
2024-12-18 [INFO] org.apache.catalina.core.ContainerBase.[Tomcat].[localhost].[/] [restartedMain] Initializing Spring embedded WebApplicationContext
2024-12-18 [INFO] org.springframework.boot.web.servlet.context.ServletWebServerApplicationContext [restartedMain] Root WebApplicationContext: initialization completed in 3516 ms
2024-12-18 [INFO] org.hibernate.jpa.internal.util.LogHelper [restartedMain] HHH000204: Processing PersistenceUnitInfo [name: default]
2024-12-18 [INFO] org.hibernate.Version [restartedMain] HHH000412: Hibernate ORM core version 6.2.9.Final
2024-12-18 [INFO] org.hibernate.cfg.Environment [restartedMain] HHH000406: Using bytecode reflection optimizer
2024-12-18 [INFO] org.hibernate.bytecode.internal.BytecodeProviderInitiator [restartedMain] HHH000021: Bytecode provider name : bytebuddy
2024-12-18 [INFO] org.springframework.orm.jpa.persistenceunit.SpringPersistenceUnitInfo [restartedMain] No LoadTimeWeaver setup: ignoring JPA class transformer
2024-12-18 [INFO] com.zaxxer.hikari.HikariDataSource [restartedMain] HikariPool-1 - Starting...
2024-12-18 [INFO] com.zaxxer.hikari.pool.HikariPool [restartedMain] HikariPool-1 - Added connection com.mysql.cj.jdbc.ConnectionImpl@44858d29
2024-12-18 [INFO] com.zaxxer.hikari.HikariDataSource [restartedMain] HikariPool-1 - Start completed.
2024-12-18 [WARN] org.hibernate.orm.deprecation [restartedMain] HHH90000026: MySQL8Dialect has been deprecated; use org.hibernate.dialect.MySQLDialect instead
2024-12-18 [INFO] org.hibernate.bytecode.internal.BytecodeProviderInitiator [restartedMain] HHH000021: Bytecode provider name : bytebuddy
2024-12-18 [INFO] org.hibernate.engine.transaction.jta.platform.internal.JtaPlatformInitiator [restartedMain] HHH000490: Using JtaPlatform implementation: [org.hibernate.engine.transaction.jta.platform.internal.NoJtaPlatform]
2024-12-18 [INFO] org.springframework.orm.jpa.LocalContainerEntityManagerFactoryBean [restartedMain] Initialized JPA EntityManagerFactory for persistence unit 'default'
2024-12-18 [WARN] org.springframework.boot.autoconfigure.orm.jpa.JpaBaseConfiguration$JpaWebConfiguration [restartedMain] spring.jpa.open-in-view is enabled by default. Therefore, database queries may be performed during view rendering. Explicitly configure spring.jpa.open-in-view to disable this warning
2024-12-18 [INFO] org.springframework.boot.devtools.autoconfigure.OptionalLiveReloadServer [restartedMain] LiveReload server is running on port 35729
2024-12-18 [INFO] org.springframework.boot.actuate.endpoint.web.EndpointLinksResolver [restartedMain] Exposing 16 endpoint(s) beneath base path '/actuator'
2024-12-18 [INFO] org.springframework.boot.web.embedded.tomcat.TomcatWebServer [restartedMain] Tomcat started on port(s): 8081 (http) with context path ''
2024-12-18 [INFO] com.example.socialMedia.SocialMediaApplication [restartedMain] Started SocialMediaApplication in 12.677 seconds (process running for 13.461)
2024-12-18 [INFO] org.apache.catalina.core.ContainerBase.[Tomcat].[localhost].[/] [http-nio-8081-exec-1] Initializing Spring DispatcherServlet 'dispatcherServlet'
2024-12-18 [INFO] org.springframework.web.servlet.DispatcherServlet [http-nio-8081-exec-1] Initializing Servlet 'dispatcherServlet'
2024-12-18 [INFO] org.springframework.web.servlet.DispatcherServlet [http-nio-8081-exec-1] Completed initialization in 4 ms
2024-12-18 [INFO] com.example.socialMedia.controller.userController [http-nio-8081-exec-2] Starting to get connections!
2024-12-18 [TRACE] com.example.socialMedia.controller.userController [http-nio-8081-exec-2] Starting get connections: level = TRACE
2024-12-18 [TRACE] com.example.socialMedia.service.ConnectionService [http-nio-8081-exec-2] Starting connection service: level = TRACE
2024-12-18 [INFO] com.example.socialMedia.service.ConnectionService [http-nio-8081-exec-2] Starting connection service: level = INFO
2024-12-18 [INFO] com.example.socialMedia.controller.userController [http-nio-8081-exec-2] Response: [Connection(id=1, name=Divya, emailId=divya@google.com, company=Google, username=divya_google, level=1), Connection(id=2, name=Pooja, emailId=pooja@google.com, company=Google, username=pooja_google, level=4), Connection(id=3, name=Rohit, emailId=rohit@google.com, company=Salesforce, username=rohit_google, level=2), Connection(id=4, name=Raj, emailId=raj@amazon.com, company=Amazon, username=raj_amazon, level=1), Connection(id=5, name=Abhishek, emailId=abhishek@microsoft.com, company=Microsoft, username=abhishek_microsoft, level=2), Connection(id=6, name=Dinesh, emailId=dinesh@meta.com, company=Meta, username=dinesh_meta, level=2), Connection(id=7, name=Ravi, emailId=ravi@netflix.com, company=Netflix, username=ravi_netflix, level=3), Connection(id=8, name=Irfan, emailId=irfan@intuit.com, company=Intuit, username=irfan_intuit, level=4), Connection(id=9, name=Rohan, emailId=rohan@ril.com, company=Reliance, username=rohan_ril, level=2)]
2024-12-18 [INFO] com.example.socialMedia.controller.userController [http-nio-8081-exec-6] Starting to get connections!
2024-12-18 [TRACE] com.example.socialMedia.controller.userController [http-nio-8081-exec-6] Starting get connections: level = TRACE
2024-12-18 [TRACE] com.example.socialMedia.service.ConnectionService [http-nio-8081-exec-6] Starting connection service: level = TRACE
2024-12-18 [INFO] com.example.socialMedia.service.ConnectionService [http-nio-8081-exec-6] Starting connection service: level = INFO
2024-12-18 [INFO] com.example.socialMedia.controller.userController [http-nio-8081-exec-6] Response: [Connection(id=1, name=Divya, emailId=divya@google.com, company=Google, username=divya_google, level=1), Connection(id=2, name=Pooja, emailId=pooja@google.com, company=Google, username=pooja_google, level=4), Connection(id=3, name=Rohit, emailId=rohit@google.com, company=Salesforce, username=rohit_google, level=2), Connection(id=4, name=Raj, emailId=raj@amazon.com, company=Amazon, username=raj_amazon, level=1), Connection(id=5, name=Abhishek, emailId=abhishek@microsoft.com, company=Microsoft, username=abhishek_microsoft, level=2), Connection(id=6, name=Dinesh, emailId=dinesh@meta.com, company=Meta, username=dinesh_meta, level=2), Connection(id=7, name=Ravi, emailId=ravi@netflix.com, company=Netflix, username=ravi_netflix, level=3), Connection(id=8, name=Irfan, emailId=irfan@intuit.com, company=Intuit, username=irfan_intuit, level=4), Connection(id=9, name=Rohan, emailId=rohan@ril.com, company=Reliance, username=rohan_ril, level=2)]
2024-12-18 [INFO] com.example.socialMedia.controller.userController [http-nio-8081-exec-7] Starting to get connections!
2024-12-18 [TRACE] com.example.socialMedia.controller.userController [http-nio-8081-exec-7] Starting get connections: level = TRACE
2024-12-18 [TRACE] com.example.socialMedia.service.ConnectionService [http-nio-8081-exec-7] Starting connection service: level = TRACE
2024-12-18 [INFO] com.example.socialMedia.service.ConnectionService [http-nio-8081-exec-7] Starting connection service: level = INFO
2024-12-18 [INFO] com.example.socialMedia.controller.userController [http-nio-8081-exec-7] Response: [Connection(id=1, name=Divya, emailId=divya@google.com, company=Google, username=divya_google, level=1), Connection(id=2, name=Pooja, emailId=pooja@google.com, company=Google, username=pooja_google, level=4), Connection(id=3, name=Rohit, emailId=rohit@google.com, company=Salesforce, username=rohit_google, level=2), Connection(id=4, name=Raj, emailId=raj@amazon.com, company=Amazon, username=raj_amazon, level=1), Connection(id=5, name=Abhishek, emailId=abhishek@microsoft.com, company=Microsoft, username=abhishek_microsoft, level=2), Connection(id=6, name=Dinesh, emailId=dinesh@meta.com, company=Meta, username=dinesh_meta, level=2), Connection(id=7, name=Ravi, emailId=ravi@netflix.com, company=Netflix, username=ravi_netflix, level=3), Connection(id=8, name=Irfan, emailId=irfan@intuit.com, company=Intuit, username=irfan_intuit, level=4), Connection(id=9, name=Rohan, emailId=rohan@ril.com, company=Reliance, username=rohan_ril, level=2)]
2024-12-18 [INFO] com.example.socialMedia.controller.userController [http-nio-8081-exec-8] Starting to get connections!
2024-12-18 [TRACE] com.example.socialMedia.controller.userController [http-nio-8081-exec-8] Starting get connections: level = TRACE
2024-12-18 [TRACE] com.example.socialMedia.service.ConnectionService [http-nio-8081-exec-8] Starting connection service: level = TRACE
2024-12-18 [INFO] com.example.socialMedia.service.ConnectionService [http-nio-8081-exec-8] Starting connection service: level = INFO
2024-12-18 [INFO] com.example.socialMedia.controller.userController [http-nio-8081-exec-8] Response: [Connection(id=1, name=Divya, emailId=divya@google.com, company=Google, username=divya_google, level=1), Connection(id=2, name=Pooja, emailId=pooja@google.com, company=Google, username=pooja_google, level=4), Connection(id=3, name=Rohit, emailId=rohit@google.com, company=Salesforce, username=rohit_google, level=2), Connection(id=4, name=Raj, emailId=raj@amazon.com, company=Amazon, username=raj_amazon, level=1), Connection(id=5, name=Abhishek, emailId=abhishek@microsoft.com, company=Microsoft, username=abhishek_microsoft, level=2), Connection(id=6, name=Dinesh, emailId=dinesh@meta.com, company=Meta, username=dinesh_meta, level=2), Connection(id=7, name=Ravi, emailId=ravi@netflix.com, company=Netflix, username=ravi_netflix, level=3), Connection(id=8, name=Irfan, emailId=irfan@intuit.com, company=Intuit, username=irfan_intuit, level=4), Connection(id=9, name=Rohan, emailId=rohan@ril.com, company=Reliance, username=rohan_ril, level=2)]
2024-12-18 [INFO] com.example.socialMedia.controller.userController [http-nio-8081-exec-9] Starting to get connections!
2024-12-18 [TRACE] com.example.socialMedia.controller.userController [http-nio-8081-exec-9] Starting get connections: level = TRACE
2024-12-18 [TRACE] com.example.socialMedia.service.ConnectionService [http-nio-8081-exec-9] Starting connection service: level = TRACE
2024-12-18 [INFO] com.example.socialMedia.service.ConnectionService [http-nio-8081-exec-9] Starting connection service: level = INFO
2024-12-18 [INFO] com.example.socialMedia.controller.userController [http-nio-8081-exec-9] Response: [Connection(id=1, name=Divya, emailId=divya@google.com, company=Google, username=divya_google, level=1), Connection(id=2, name=Pooja, emailId=pooja@google.com, company=Google, username=pooja_google, level=4), Connection(id=3, name=Rohit, emailId=rohit@google.com, company=Salesforce, username=rohit_google, level=2), Connection(id=4, name=Raj, emailId=raj@amazon.com, company=Amazon, username=raj_amazon, level=1), Connection(id=5, name=Abhishek, emailId=abhishek@microsoft.com, company=Microsoft, username=abhishek_microsoft, level=2), Connection(id=6, name=Dinesh, emailId=dinesh@meta.com, company=Meta, username=dinesh_meta, level=2), Connection(id=7, name=Ravi, emailId=ravi@netflix.com, company=Netflix, username=ravi_netflix, level=3), Connection(id=8, name=Irfan, emailId=irfan@intuit.com, company=Intuit, username=irfan_intuit, level=4), Connection(id=9, name=Rohan, emailId=rohan@ril.com, company=Reliance, username=rohan_ril, level=2)]
2024-12-18 [INFO] com.example.socialMedia.controller.userController [http-nio-8081-exec-10] Starting to get connections!
2024-12-18 [TRACE] com.example.socialMedia.controller.userController [http-nio-8081-exec-10] Starting get connections: level = TRACE
2024-12-18 [TRACE] com.example.socialMedia.service.ConnectionService [http-nio-8081-exec-10] Starting connection service: level = TRACE
2024-12-18 [INFO] com.example.socialMedia.service.ConnectionService [http-nio-8081-exec-10] Starting connection service: level = INFO
2024-12-18 [INFO] com.example.socialMedia.controller.userController [http-nio-8081-exec-10] Response: [Connection(id=1, name=Divya, emailId=divya@google.com, company=Google, username=divya_google, level=1), Connection(id=2, name=Pooja, emailId=pooja@google.com, company=Google, username=pooja_google, level=4), Connection(id=3, name=Rohit, emailId=rohit@google.com, company=Salesforce, username=rohit_google, level=2), Connection(id=4, name=Raj, emailId=raj@amazon.com, company=Amazon, username=raj_amazon, level=1), Connection(id=5, name=Abhishek, emailId=abhishek@microsoft.com, company=Microsoft, username=abhishek_microsoft, level=2), Connection(id=6, name=Dinesh, emailId=dinesh@meta.com, company=Meta, username=dinesh_meta, level=2), Connection(id=7, name=Ravi, emailId=ravi@netflix.com, company=Netflix, username=ravi_netflix, level=3), Connection(id=8, name=Irfan, emailId=irfan@intuit.com, company=Intuit, username=irfan_intuit, level=4), Connection(id=9, name=Rohan, emailId=rohan@ril.com, company=Reliance, username=rohan_ril, level=2)]
2024-12-18 [INFO] com.example.socialMedia.controller.userController [http-nio-8081-exec-1] Starting to get connections!
2024-12-18 [TRACE] com.example.socialMedia.controller.userController [http-nio-8081-exec-1] Starting get connections: level = TRACE
2024-12-18 [TRACE] com.example.socialMedia.service.ConnectionService [http-nio-8081-exec-1] Starting connection service: level = TRACE
2024-12-18 [INFO] com.example.socialMedia.service.ConnectionService [http-nio-8081-exec-1] Starting connection service: level = INFO
2024-12-18 [INFO] com.example.socialMedia.controller.userController [http-nio-8081-exec-1] Response: [Connection(id=1, name=Divya, emailId=divya@google.com, company=Google, username=divya_google, level=1), Connection(id=2, name=Pooja, emailId=pooja@google.com, company=Google, username=pooja_google, level=4), Connection(id=3, name=Rohit, emailId=rohit@google.com, company=Salesforce, username=rohit_google, level=2), Connection(id=4, name=Raj, emailId=raj@amazon.com, company=Amazon, username=raj_amazon, level=1), Connection(id=5, name=Abhishek, emailId=abhishek@microsoft.com, company=Microsoft, username=abhishek_microsoft, level=2), Connection(id=6, name=Dinesh, emailId=dinesh@meta.com, company=Meta, username=dinesh_meta, level=2), Connection(id=7, name=Ravi, emailId=ravi@netflix.com, company=Netflix, username=ravi_netflix, level=3), Connection(id=8, name=Irfan, emailId=irfan@intuit.com, company=Intuit, username=irfan_intuit, level=4), Connection(id=9, name=Rohan, emailId=rohan@ril.com, company=Reliance, username=rohan_ril, level=2)]
